# JRE version: Java(TM) SE Runtime Environment (8.0_241-b07) (build 1.8.0_241-b07)
# Java VM: Java HotSpot(TM) 64-Bit Server VM (25.241-b07 mixed mode linux-amd64 compressed oops)
Heap:
 PSYoungGen      total 223232K, used 8519K [0x00000000eb900000, 0x0000000100000000, 0x0000000100000000)
  eden space 111616K, 0% used [0x00000000eb900000,0x00000000eb900000,0x00000000f2600000)
  from space 111616K, 7% used [0x00000000f2600000,0x00000000f2e51d48,0x00000000f9300000)
  to   space 111616K, 0% used [0x00000000f9300000,0x00000000f9300000,0x0000000100000000)
 ParOldGen       total 357376K, used 356905K [0x00000000c2a00000, 0x00000000d8700000, 0x00000000eb900000)
  object space 357376K, 99% used [0x00000000c2a00000,0x00000000d868a4b8,0x00000000d8700000)
 Metaspace       used 6910K, capacity 7092K, committed 7296K, reserved 1056768K
  class space    used 811K, capacity 868K, committed 896K, reserved 1048576K
GC Heap History (10 events):
Event: 4.497 GC heap after
Heap after GC invocations=13 (full 3):
 PSYoungGen      total 201216K, used 72480K [0x00000000eb900000, 0x00000000ff200000, 0x0000000100000000)
  eden space 98816K, 0% used [0x00000000eb900000,0x00000000eb900000,0x00000000f1980000)
  from space 102400K, 70% used [0x00000000f8400000,0x00000000fcac8000,0x00000000fe800000)
  to   space 109056K, 0% used [0x00000000f1980000,0x00000000f1980000,0x00000000f8400000)
 ParOldGen       total 244736K, used 154019K [0x00000000c2a00000, 0x00000000d1900000, 0x00000000eb900000)
  object space 244736K, 62% used [0x00000000c2a00000,0x00000000cc068cd8,0x00000000d1900000)
 Metaspace       used 6910K, capacity 7092K, committed 7296K, reserved 1056768K
  class space    used 811K, capacity 868K, committed 896K, reserved 1048576K
}
Event: 4.548 GC heap before
{Heap before GC invocations=14 (full 3):
 PSYoungGen      total 201216K, used 171296K [0x00000000eb900000, 0x00000000ff200000, 0x0000000100000000)
  eden space 98816K, 100% used [0x00000000eb900000,0x00000000f1980000,0x00000000f1980000)
  from space 102400K, 70% used [0x00000000f8400000,0x00000000fcac8000,0x00000000fe800000)
  to   space 109056K, 0% used [0x00000000f1980000,0x00000000f1980000,0x00000000f8400000)
 ParOldGen       total 244736K, used 154019K [0x00000000c2a00000, 0x00000000d1900000, 0x00000000eb900000)
  object space 244736K, 62% used [0x00000000c2a00000,0x00000000cc068cd8,0x00000000d1900000)
 Metaspace       used 6910K, capacity 7092K, committed 7296K, reserved 1056768K
  class space    used 811K, capacity 868K, committed 896K, reserved 1048576K
Event: 4.976 GC heap after
Heap after GC invocations=14 (full 3):
 PSYoungGen      total 207872K, used 109056K [0x00000000eb900000, 0x0000000100000000, 0x0000000100000000)
  eden space 98816K, 0% used [0x00000000eb900000,0x00000000eb900000,0x00000000f1980000)
  from space 109056K, 100% used [0x00000000f1980000,0x00000000f8400000,0x00000000f8400000)
  to   space 111616K, 0% used [0x00000000f9300000,0x00000000f9300000,0x0000000100000000)
 ParOldGen       total 244736K, used 205731K [0x00000000c2a00000, 0x00000000d1900000, 0x00000000eb900000)
  object space 244736K, 84% used [0x00000000c2a00000,0x00000000cf2e8cd8,0x00000000d1900000)
 Metaspace       used 6910K, capacity 7092K, committed 7296K, reserved 1056768K
  class space    used 811K, capacity 868K, committed 896K, reserved 1048576K
}
Event: 4.976 GC heap before
{Heap before GC invocations=15 (full 4):
 PSYoungGen      total 207872K, used 109056K [0x00000000eb900000, 0x0000000100000000, 0x0000000100000000)
  eden space 98816K, 0% used [0x00000000eb900000,0x00000000eb900000,0x00000000f1980000)
  from space 109056K, 100% used [0x00000000f1980000,0x00000000f8400000,0x00000000f8400000)
  to   space 111616K, 0% used [0x00000000f9300000,0x00000000f9300000,0x0000000100000000)
 ParOldGen       total 244736K, used 205731K [0x00000000c2a00000, 0x00000000d1900000, 0x00000000eb900000)
  object space 244736K, 84% used [0x00000000c2a00000,0x00000000cf2e8cd8,0x00000000d1900000)
 Metaspace       used 6910K, capacity 7092K, committed 7296K, reserved 1056768K
  class space    used 811K, capacity 868K, committed 896K, reserved 1048576K
Event: 6.296 GC heap after
Heap after GC invocations=15 (full 4):
 PSYoungGen      total 207872K, used 7158K [0x00000000eb900000, 0x0000000100000000, 0x0000000100000000)
  eden space 98816K, 0% used [0x00000000eb900000,0x00000000eb900000,0x00000000f1980000)
  from space 109056K, 6% used [0x00000000f1980000,0x00000000f207daa0,0x00000000f8400000)
  to   space 111616K, 0% used [0x00000000f9300000,0x00000000f9300000,0x0000000100000000)
 ParOldGen       total 357376K, used 244616K [0x00000000c2a00000, 0x00000000d8700000, 0x00000000eb900000)
  object space 357376K, 68% used [0x00000000c2a00000,0x00000000d18e2058,0x00000000d8700000)
 Metaspace       used 6910K, capacity 7092K, committed 7296K, reserved 1056768K
  class space    used 811K, capacity 868K, committed 896K, reserved 1048576K
}
Event: 6.349 GC heap before
{Heap before GC invocations=16 (full 4):
 PSYoungGen      total 207872K, used 105974K [0x00000000eb900000, 0x0000000100000000, 0x0000000100000000)
  eden space 98816K, 100% used [0x00000000eb900000,0x00000000f1980000,0x00000000f1980000)
  from space 109056K, 6% used [0x00000000f1980000,0x00000000f207daa0,0x00000000f8400000)
  to   space 111616K, 0% used [0x00000000f9300000,0x00000000f9300000,0x0000000100000000)
 ParOldGen       total 357376K, used 244616K [0x00000000c2a00000, 0x00000000d8700000, 0x00000000eb900000)
  object space 357376K, 68% used [0x00000000c2a00000,0x00000000d18e2058,0x00000000d8700000)
 Metaspace       used 6910K, capacity 7092K, committed 7296K, reserved 1056768K
  class space    used 811K, capacity 868K, committed 896K, reserved 1048576K
Event: 6.563 GC heap after
Heap after GC invocations=16 (full 4):
 PSYoungGen      total 223232K, used 91488K [0x00000000eb900000, 0x0000000100000000, 0x0000000100000000)
  eden space 111616K, 0% used [0x00000000eb900000,0x00000000eb900000,0x00000000f2600000)
  from space 111616K, 81% used [0x00000000f9300000,0x00000000fec58000,0x0000000100000000)
  to   space 111616K, 0% used [0x00000000f2600000,0x00000000f2600000,0x00000000f9300000)
 ParOldGen       total 357376K, used 248616K [0x00000000c2a00000, 0x00000000d8700000, 0x00000000eb900000)
  object space 357376K, 69% used [0x00000000c2a00000,0x00000000d1cca058,0x00000000d8700000)
 Metaspace       used 6910K, capacity 7092K, committed 7296K, reserved 1056768K
  class space    used 811K, capacity 868K, committed 896K, reserved 1048576K
}
Event: 6.653 GC heap before
{Heap before GC invocations=17 (full 4):
 PSYoungGen      total 223232K, used 203104K [0x00000000eb900000, 0x0000000100000000, 0x0000000100000000)
  eden space 111616K, 100% used [0x00000000eb900000,0x00000000f2600000,0x00000000f2600000)
  from space 111616K, 81% used [0x00000000f9300000,0x00000000fec58000,0x0000000100000000)
  to   space 111616K, 0% used [0x00000000f2600000,0x00000000f2600000,0x00000000f9300000)
 ParOldGen       total 357376K, used 248616K [0x00000000c2a00000, 0x00000000d8700000, 0x00000000eb900000)
  object space 357376K, 69% used [0x00000000c2a00000,0x00000000d1cca058,0x00000000d8700000)
 Metaspace       used 6910K, capacity 7092K, committed 7296K, reserved 1056768K
  class space    used 811K, capacity 868K, committed 896K, reserved 1048576K
Event: 7.151 GC heap after
Heap after GC invocations=17 (full 4):
 PSYoungGen      total 223232K, used 99744K [0x00000000eb900000, 0x0000000100000000, 0x0000000100000000)
  eden space 111616K, 0% used [0x00000000eb900000,0x00000000eb900000,0x00000000f2600000)
  from space 111616K, 89% used [0x00000000f2600000,0x00000000f8768000,0x00000000f9300000)
  to   space 111616K, 0% used [0x00000000f9300000,0x00000000f9300000,0x0000000100000000)
 ParOldGen       total 357376K, used 340256K [0x00000000c2a00000, 0x00000000d8700000, 0x00000000eb900000)
  object space 357376K, 95% used [0x00000000c2a00000,0x00000000d7648058,0x00000000d8700000)
 Metaspace       used 6910K, capacity 7092K, committed 7296K, reserved 1056768K
  class space    used 811K, capacity 868K, committed 896K, reserved 1048576K
}
Event: 7.151 GC heap before
{Heap before GC invocations=18 (full 5):
 PSYoungGen      total 223232K, used 99744K [0x00000000eb900000, 0x0000000100000000, 0x0000000100000000)
  eden space 111616K, 0% used [0x00000000eb900000,0x00000000eb900000,0x00000000f2600000)
  from space 111616K, 89% used [0x00000000f2600000,0x00000000f8768000,0x00000000f9300000)
  to   space 111616K, 0% used [0x00000000f9300000,0x00000000f9300000,0x0000000100000000)
 ParOldGen       total 357376K, used 340256K [0x00000000c2a00000, 0x00000000d8700000, 0x00000000eb900000)
  object space 357376K, 95% used [0x00000000c2a00000,0x00000000d7648058,0x00000000d8700000)
 Metaspace       used 6910K, capacity 7092K, committed 7296K, reserved 1056768K
  class space    used 811K, capacity 868K, committed 896K, reserved 1048576K

